2021-01-13 15:11:37,230  INFO Test:51 - Connexion au service google
2021-01-13 15:11:37,613  INFO Test:68 - Récupération des calendriers
2021-01-13 15:11:37,743 ERROR GoogleCalendarService:247 - Impossible d'obtenir la liste des calendrier
javax.net.ssl.SSLKeyException: RSA premaster secret error
	at sun.security.ssl.RSAClientKeyExchange.<init>(Unknown Source)
	at sun.security.ssl.ClientHandshaker.serverHelloDone(Unknown Source)
	at sun.security.ssl.ClientHandshaker.processMessage(Unknown Source)
	at sun.security.ssl.Handshaker.processLoop(Unknown Source)
	at sun.security.ssl.Handshaker.process_record(Unknown Source)
	at sun.security.ssl.SSLSocketImpl.readRecord(Unknown Source)
	at sun.security.ssl.SSLSocketImpl.performInitialHandshake(Unknown Source)
	at sun.security.ssl.SSLSocketImpl.startHandshake(Unknown Source)
	at sun.security.ssl.SSLSocketImpl.startHandshake(Unknown Source)
	at sun.net.www.protocol.https.HttpsClient.afterConnect(Unknown Source)
	at sun.net.www.protocol.https.AbstractDelegateHttpsURLConnection.connect(Unknown Source)
	at sun.net.www.protocol.http.HttpURLConnection.getOutputStream0(Unknown Source)
	at sun.net.www.protocol.http.HttpURLConnection.getOutputStream(Unknown Source)
	at sun.net.www.protocol.https.HttpsURLConnectionImpl.getOutputStream(Unknown Source)
	at com.google.api.client.http.javanet.NetHttpRequest.execute(NetHttpRequest.java:77)
	at com.google.api.client.http.HttpRequest.execute(HttpRequest.java:972)
	at com.google.api.client.auth.oauth2.TokenRequest.executeUnparsed(TokenRequest.java:283)
	at com.google.api.client.auth.oauth2.TokenRequest.execute(TokenRequest.java:307)
	at com.google.api.client.auth.oauth2.Credential.executeRefreshToken(Credential.java:570)
	at com.google.api.client.auth.oauth2.Credential.refreshToken(Credential.java:489)
	at com.google.api.client.auth.oauth2.Credential.intercept(Credential.java:217)
	at com.google.api.client.http.HttpRequest.execute(HttpRequest.java:859)
	at com.google.api.client.googleapis.services.AbstractGoogleClientRequest.executeUnparsed(AbstractGoogleClientRequest.java:419)
	at com.google.api.client.googleapis.services.AbstractGoogleClientRequest.executeUnparsed(AbstractGoogleClientRequest.java:352)
	at com.google.api.client.googleapis.services.AbstractGoogleClientRequest.execute(AbstractGoogleClientRequest.java:469)
	at ch.correvon.google.calendar.GoogleCalendarService.getAllCalendar(GoogleCalendarService.java:243)
	at ch.correvon.google.calendar.test.Test$2.doInBackground(Test.java:73)
	at ch.correvon.google.calendar.test.Test$2.doInBackground(Test.java:1)
	at javax.swing.SwingWorker$1.call(Unknown Source)
	at java.util.concurrent.FutureTask.run(Unknown Source)
	at javax.swing.SwingWorker.run(Unknown Source)
	at java.util.concurrent.ThreadPoolExecutor.runWorker(Unknown Source)
	at java.util.concurrent.ThreadPoolExecutor$Worker.run(Unknown Source)
	at java.lang.Thread.run(Unknown Source)
Caused by: java.security.NoSuchAlgorithmException: SunTls12RsaPremasterSecret KeyGenerator not available
	at javax.crypto.KeyGenerator.<init>(KeyGenerator.java:169)
	at javax.crypto.KeyGenerator.getInstance(KeyGenerator.java:223)
	at sun.security.ssl.JsseJce.getKeyGenerator(Unknown Source)
	... 34 more
2021-01-13 15:11:37,779 ERROR Test:119 - java.util.concurrent.ExecutionException: java.lang.NullPointerException
2021-01-13 15:11:38,213  INFO Test:39 - ***** terminé *****
2021-01-13 15:13:54,175  INFO Test:51 - Connexion au service google
2021-01-13 15:13:54,549  INFO Test:68 - Récupération des calendriers
2021-01-13 15:13:54,684 ERROR GoogleCalendarService:247 - Impossible d'obtenir la liste des calendrier
javax.net.ssl.SSLKeyException: RSA premaster secret error
	at sun.security.ssl.RSAClientKeyExchange.<init>(Unknown Source)
	at sun.security.ssl.ClientHandshaker.serverHelloDone(Unknown Source)
	at sun.security.ssl.ClientHandshaker.processMessage(Unknown Source)
	at sun.security.ssl.Handshaker.processLoop(Unknown Source)
	at sun.security.ssl.Handshaker.process_record(Unknown Source)
	at sun.security.ssl.SSLSocketImpl.readRecord(Unknown Source)
	at sun.security.ssl.SSLSocketImpl.performInitialHandshake(Unknown Source)
	at sun.security.ssl.SSLSocketImpl.startHandshake(Unknown Source)
	at sun.security.ssl.SSLSocketImpl.startHandshake(Unknown Source)
	at sun.net.www.protocol.https.HttpsClient.afterConnect(Unknown Source)
	at sun.net.www.protocol.https.AbstractDelegateHttpsURLConnection.connect(Unknown Source)
	at sun.net.www.protocol.http.HttpURLConnection.getOutputStream0(Unknown Source)
	at sun.net.www.protocol.http.HttpURLConnection.getOutputStream(Unknown Source)
	at sun.net.www.protocol.https.HttpsURLConnectionImpl.getOutputStream(Unknown Source)
	at com.google.api.client.http.javanet.NetHttpRequest.execute(NetHttpRequest.java:77)
	at com.google.api.client.http.HttpRequest.execute(HttpRequest.java:972)
	at com.google.api.client.auth.oauth2.TokenRequest.executeUnparsed(TokenRequest.java:283)
	at com.google.api.client.auth.oauth2.TokenRequest.execute(TokenRequest.java:307)
	at com.google.api.client.auth.oauth2.Credential.executeRefreshToken(Credential.java:570)
	at com.google.api.client.auth.oauth2.Credential.refreshToken(Credential.java:489)
	at com.google.api.client.auth.oauth2.Credential.intercept(Credential.java:217)
	at com.google.api.client.http.HttpRequest.execute(HttpRequest.java:859)
	at com.google.api.client.googleapis.services.AbstractGoogleClientRequest.executeUnparsed(AbstractGoogleClientRequest.java:419)
	at com.google.api.client.googleapis.services.AbstractGoogleClientRequest.executeUnparsed(AbstractGoogleClientRequest.java:352)
	at com.google.api.client.googleapis.services.AbstractGoogleClientRequest.execute(AbstractGoogleClientRequest.java:469)
	at ch.correvon.google.calendar.GoogleCalendarService.getAllCalendar(GoogleCalendarService.java:243)
	at ch.correvon.google.calendar.test.Test$2.doInBackground(Test.java:73)
	at ch.correvon.google.calendar.test.Test$2.doInBackground(Test.java:1)
	at javax.swing.SwingWorker$1.call(Unknown Source)
	at java.util.concurrent.FutureTask.run(Unknown Source)
	at javax.swing.SwingWorker.run(Unknown Source)
	at java.util.concurrent.ThreadPoolExecutor.runWorker(Unknown Source)
	at java.util.concurrent.ThreadPoolExecutor$Worker.run(Unknown Source)
	at java.lang.Thread.run(Unknown Source)
Caused by: java.security.NoSuchAlgorithmException: SunTls12RsaPremasterSecret KeyGenerator not available
	at javax.crypto.KeyGenerator.<init>(KeyGenerator.java:169)
	at javax.crypto.KeyGenerator.getInstance(KeyGenerator.java:223)
	at sun.security.ssl.JsseJce.getKeyGenerator(Unknown Source)
	... 34 more
2021-01-13 15:13:54,721 ERROR Test:119 - java.util.concurrent.ExecutionException: java.lang.NullPointerException
2021-01-13 15:13:55,158  INFO Test:39 - ***** terminé *****
2021-01-13 15:18:08,681  INFO Test:51 - Connexion au service google
2021-01-13 15:18:09,071  INFO Test:68 - Récupération des calendriers
2021-01-13 15:18:09,174 ERROR GoogleCalendarService:247 - Impossible d'obtenir la liste des calendrier
javax.net.ssl.SSLKeyException: RSA premaster secret error
	at sun.security.ssl.RSAClientKeyExchange.<init>(Unknown Source)
	at sun.security.ssl.ClientHandshaker.serverHelloDone(Unknown Source)
	at sun.security.ssl.ClientHandshaker.processMessage(Unknown Source)
	at sun.security.ssl.Handshaker.processLoop(Unknown Source)
	at sun.security.ssl.Handshaker.process_record(Unknown Source)
	at sun.security.ssl.SSLSocketImpl.readRecord(Unknown Source)
	at sun.security.ssl.SSLSocketImpl.performInitialHandshake(Unknown Source)
	at sun.security.ssl.SSLSocketImpl.startHandshake(Unknown Source)
	at sun.security.ssl.SSLSocketImpl.startHandshake(Unknown Source)
	at sun.net.www.protocol.https.HttpsClient.afterConnect(Unknown Source)
	at sun.net.www.protocol.https.AbstractDelegateHttpsURLConnection.connect(Unknown Source)
	at sun.net.www.protocol.http.HttpURLConnection.getOutputStream0(Unknown Source)
	at sun.net.www.protocol.http.HttpURLConnection.getOutputStream(Unknown Source)
	at sun.net.www.protocol.https.HttpsURLConnectionImpl.getOutputStream(Unknown Source)
	at com.google.api.client.http.javanet.NetHttpRequest.execute(NetHttpRequest.java:77)
	at com.google.api.client.http.HttpRequest.execute(HttpRequest.java:972)
	at com.google.api.client.auth.oauth2.TokenRequest.executeUnparsed(TokenRequest.java:283)
	at com.google.api.client.auth.oauth2.TokenRequest.execute(TokenRequest.java:307)
	at com.google.api.client.auth.oauth2.Credential.executeRefreshToken(Credential.java:570)
	at com.google.api.client.auth.oauth2.Credential.refreshToken(Credential.java:489)
	at com.google.api.client.auth.oauth2.Credential.intercept(Credential.java:217)
	at com.google.api.client.http.HttpRequest.execute(HttpRequest.java:859)
	at com.google.api.client.googleapis.services.AbstractGoogleClientRequest.executeUnparsed(AbstractGoogleClientRequest.java:419)
	at com.google.api.client.googleapis.services.AbstractGoogleClientRequest.executeUnparsed(AbstractGoogleClientRequest.java:352)
	at com.google.api.client.googleapis.services.AbstractGoogleClientRequest.execute(AbstractGoogleClientRequest.java:469)
	at ch.correvon.google.calendar.GoogleCalendarService.getAllCalendar(GoogleCalendarService.java:243)
	at ch.correvon.google.calendar.test.Test$2.doInBackground(Test.java:73)
	at ch.correvon.google.calendar.test.Test$2.doInBackground(Test.java:1)
	at javax.swing.SwingWorker$1.call(Unknown Source)
	at java.util.concurrent.FutureTask.run(Unknown Source)
	at javax.swing.SwingWorker.run(Unknown Source)
	at java.util.concurrent.ThreadPoolExecutor.runWorker(Unknown Source)
	at java.util.concurrent.ThreadPoolExecutor$Worker.run(Unknown Source)
	at java.lang.Thread.run(Unknown Source)
Caused by: java.security.NoSuchAlgorithmException: SunTls12RsaPremasterSecret KeyGenerator not available
	at javax.crypto.KeyGenerator.<init>(KeyGenerator.java:169)
	at javax.crypto.KeyGenerator.getInstance(KeyGenerator.java:223)
	at sun.security.ssl.JsseJce.getKeyGenerator(Unknown Source)
	... 34 more
2021-01-13 15:18:09,210 ERROR Test:119 - java.util.concurrent.ExecutionException: java.lang.NullPointerException
2021-01-13 15:18:09,664  INFO Test:39 - ***** terminé *****
2021-01-13 15:24:07,390  INFO Test:51 - Connexion au service google
2021-01-13 15:24:07,830  INFO Test:68 - Récupération des calendriers
2021-01-13 15:24:08,366  INFO Test:103 - - Perso
2021-01-13 15:24:08,366  INFO Test:103 - - Loïc Correvon
2021-01-13 15:24:08,366  INFO Test:103 - - valerie.mosimann@gmail.com
2021-01-13 15:24:08,366  INFO Test:103 - - Jours fériés en Suisse
2021-01-13 15:24:08,367  INFO Test:103 - - Horaires
2021-01-13 15:24:08,367  INFO Test:115 - Calendrier principal : Loïc Correvon
2021-01-13 15:24:08,374  INFO Test:39 - ***** terminé *****
2021-01-13 15:24:47,013  INFO Test:51 - Connexion au service google
2021-01-13 15:24:47,437  INFO Test:68 - Récupération des calendriers
2021-01-13 15:24:47,757  INFO Test:103 - - Perso
2021-01-13 15:24:47,757  INFO Test:103 - - Loïc Correvon
2021-01-13 15:24:47,757  INFO Test:103 - - valerie.mosimann@gmail.com
2021-01-13 15:24:47,757  INFO Test:103 - - Jours fériés en Suisse
2021-01-13 15:24:47,758  INFO Test:103 - - Horaires
2021-01-13 15:24:47,758  INFO Test:115 - Calendrier principal : Loïc Correvon
2021-01-13 15:24:47,996  INFO Test:39 - ***** terminé *****
